<?xml version="1.0" encoding="UTF-8"?>
<!-- Generated by org.testng.reporters.JUnitReportReporter -->
<testsuite skipped="0" hostname="DESKTOP-1KUVF5L" name="test.itbootcamp.project.TestLogin" tests="1" failures="0" timestamp="2020-04-10T23:38:21 CEST" time="6.660" errors="0">
  <testcase name="testLogin" time="6.660" classname="test.itbootcamp.project.TestLogin"/>
  <system-out/>
</testsuite> <!-- test.itbootcamp.project.TestLogin -->
