<?xml version="1.0" encoding="UTF-8"?>
<!-- Generated by org.testng.reporters.JUnitReportReporter -->
<testsuite skipped="0" hostname="DESKTOP-1KUVF5L" name="test.itbootcamp.project.TestSummerDress" tests="3" failures="0" timestamp="2020-04-10T23:38:21 CEST" time="13.312" errors="0">
  <testcase name="testWomenToSummerDresses" time="7.676" classname="test.itbootcamp.project.TestSummerDress"/>
  <system-out/>
  <testcase name="testDressesToSummerDresses" time="2.718" classname="test.itbootcamp.project.TestSummerDress"/>
  <system-out/>
  <testcase name="testSamePageForFirtsTwoTests" time="2.918" classname="test.itbootcamp.project.TestSummerDress"/>
  <system-out/>
</testsuite> <!-- test.itbootcamp.project.TestSummerDress -->
