<?xml version="1.0" encoding="UTF-8"?>
<!-- Generated by org.testng.reporters.JUnitReportReporter -->
<testsuite skipped="0" hostname="DESKTOP-1KUVF5L" name="test.itbootcamp.project.TestRegister30Users" tests="1" failures="0" timestamp="2020-04-10T23:38:21 CEST" time="245.303" errors="0">
  <testcase name="testRegisterUsers" time="245.303" classname="test.itbootcamp.project.TestRegister30Users"/>
  <system-out/>
</testsuite> <!-- test.itbootcamp.project.TestRegister30Users -->
