<?xml version="1.0" encoding="UTF-8"?>
<!-- Generated by org.testng.reporters.JUnitReportReporter -->
<testsuite skipped="0" hostname="DESKTOP-1KUVF5L" name="test.itbootcamp.project.TestCartAndRegistration" tests="2" failures="0" timestamp="2020-04-10T23:38:21 CEST" time="19.819" errors="0">
  <testcase name="testDressesInCart" time="12.632" classname="test.itbootcamp.project.TestCartAndRegistration"/>
  <system-out/>
  <testcase name="testRegistrationAndLogIn" time="7.187" classname="test.itbootcamp.project.TestCartAndRegistration"/>
  <system-out/>
</testsuite> <!-- test.itbootcamp.project.TestCartAndRegistration -->
